DB Error:  | SQL: UPDATE tbl_ln_block 
					SET blcTitle='sfsdfdfd',blcName='sfsdfdfd',blcType='c',blcRssUrl='',
						blcRssRefesh=0,blcRssTime=1762015555,blcContent='<div class="row g-4 py-5 row-cols-1 row-cols-lg-3">
<div class="feature col">
<div class="feature-icon d-inline-flex align-items-center justify-content-center text-bg-primary bg-gradient fs-2 mb-3"><svg class="bi" width="1em" height="1em" aria-hidden="true"></svg></div>
<h3 class="fs-2 text-body-emphasis">Featured title</h3>
<p>Paragraph of text beneath the heading to explain the heading. We'll add onto it with another sentence and probably just keep going until we run out of words.</p>
<a href="#" class="icon-link"> Call to action <svg class="bi" aria-hidden="true"></svg> </a></div>
<div class="feature col">
<div class="feature-icon d-inline-flex align-items-center justify-content-center text-bg-primary bg-gradient fs-2 mb-3"><svg class="bi" width="1em" height="1em" aria-hidden="true"></svg></div>
<h3 class="fs-2 text-body-emphasis">Featured title</h3>
<p>Paragraph of text beneath the heading to explain the heading. We'll add onto it with another sentence and probably just keep going until we run out of words.</p>
<a href="#" class="icon-link"> Call to action <svg class="bi" aria-hidden="true"></svg> </a></div>
<div class="feature col">
<div class="feature-icon d-inline-flex align-items-center justify-content-center text-bg-primary bg-gradient fs-2 mb-3"><svg class="bi" width="1em" height="1em" aria-hidden="true"></svg></div>
<h3 class="fs-2 text-body-emphasis">Featured title</h3>
<p>Paragraph of text beneath the heading to explain the heading. We'll add onto it with another sentence and probably just keep going until we run out of words.</p>
<a href="#" class="icon-link"> Call to action <svg class="bi" aria-hidden="true"></svg> </a></div>
</div>',
						blcPosition='c' 
					WHERE blcId=10
